<?xml version="1.0" encoding="UTF-8"?>
<testsuite xmlns:xsi="http://www.w3.org/2001/XMLSchema-instance" xsi:noNamespaceSchemaLocation="https://maven.apache.org/surefire/maven-surefire-plugin/xsd/surefire-test-report.xsd" name="api.ApiTests" time="1.687" tests="7" errors="0" skipped="0" failures="0">
  <properties>
[...]
</properties>
  <testcase name="testLoginSuccess" classname="api.ApiTests" time="1.263"/>
  <testcase name="testLoginFailure" classname="api.ApiTests" time="0.033"/>
  <testcase name="testAddItem" classname="api.ApiTests" time="0.035"/>
  <testcase name="testGetItems" classname="api.ApiTests" time="0.032"/>
  <testcase name="testUpdateItem" classname="api.ApiTests" time="0.017"/>
  <testcase name="testDeleteItem" classname="api.ApiTests" time="0.016"/>
  <testcase name="testDeleteInvalidItem" classname="api.ApiTests" time="0.014"/>
</testsuite>