<?xml version="1.0" encoding="UTF-8"?>
<testsuite xmlns:xsi="http://www.w3.org/2001/XMLSchema-instance" xsi:noNamespaceSchemaLocation="https://maven.apache.org/surefire/maven-surefire-plugin/xsd/surefire-test-report-3.0.xsd" version="3.0" name="ui.UITests" time="6.151" tests="5" errors="0" skipped="0" failures="0">
  <properties>
[...]
</properties>
  <testcase name="testLoginInvalid" classname="ui.UITests" time="0.186">
    <system-err><![CDATA[Jul 27, 2025 5:19:19 P.M. org.openqa.selenium.devtools.CdpVersionFinder findNearestMatch
WARNING: Unable to find CDP implementation matching 138
Jul 27, 2025 5:19:19 P.M. org.openqa.selenium.chromium.ChromiumDriver lambda$new$5
WARNING: Unable to find version of CDP to use for 138.0.7204.169. You may need to include a dependency on a specific version of the CDP using something similar to `org.seleniumhq.selenium:selenium-devtools-v86:4.21.0` where the version ("v86") matches the version of the chromium-based browser you're using and the version number of the artifact is the same as Selenium's.
]]></system-err>
  </testcase>
  <testcase name="testLoginValid" classname="ui.UITests" time="3.196"/>
  <testcase name="testAddItem" classname="ui.UITests" time="0.115"/>
  <testcase name="testEditItem" classname="ui.UITests" time="0.14"/>
  <testcase name="testDeleteItem" classname="ui.UITests" time="0.577"/>
</testsuite>